Arguments: 
  C:\Program Files\nodejs\node.exe C:\Users\Afonso\AppData\Roaming\npm\node_modules\yarn\bin\yarn.js

PATH: 
  C:\ProgramData\Oracle\Java\javapath;C:\Windows\system32;C:\Windows;C:\Windows\System32\Wbem;C:\Windows\System32\WindowsPowerShell\v1.0\;C:\Windows\System32\OpenSSH\;C:\Program Files\Git\cmd;C:\ProgramData\chocolatey\bin;C:\Program Files\OpenJDK\jdk-13.0.2\bin;C:\Program Files\NVIDIA Corporation\NVIDIA NvDLISR;C:\flutter\bin;C:\Program Files\OpenJDK\openjdk-11.0.14.1_1;C:\Program Files\nodejs\;C:\ProgramData\Oracle\Java\javapath;C:\Windows\system32;C:\Windows;C:\Windows\System32\Wbem;C:\Windows\System32\WindowsPowerShell\v1.0\;C:\Windows\System32\OpenSSH\;C:\Program Files\Git\cmd;C:\Program Files\nodejs\;C:\ProgramData\chocolatey\bin;C:\Program Files\OpenJDK\jdk-13.0.2\bin;C:\Program Files\NVIDIA Corporation\NVIDIA NvDLISR;C:\Users\Afonso\AppData\Local\Microsoft\WindowsApps;C:\Users\Afonso\AppData\Local\GitHubDesktop\bin;C:\flutter\bin;C:\Android\sdk\tools;C:\Android\sdk\tools\bin;C:\Android\sdk\platform-tools;C:\Users\Afonso\AppData\Local\Programs\Microsoft VS Code\bin;C:\Users\Afonso\AppData\Roaming\npm

Yarn version: 
  1.22.18

Node version: 
  16.15.1

Platform: 
  win32 x64

Trace: 
  Error: EPERM: operation not permitted, open 'C:\Users\Afonso\Desktop\open-react-template-master\node_modules\postcss-browser-comments\node_modules\.bin\browserslist'

npm manifest: 
  {
    "name": "open-react-template",
    "version": "0.1.0",
    "private": true,
    "dependencies": {
      "classnames": "^2.2.6",
      "lodash": "^4.17.15",
      "react": "^16.13.1",
      "react-dom": "^16.13.1",
      "react-ga": "^2.7.0",
      "react-router-dom": "^5.1.2",
      "react-scripts": "^3.4.1",
      "sass": "^1.49.7"
    },
    "repository": {
      "type": "git",
      "url": "https://github.com/cruip/open-react-template.git"
    },
    "scripts": {
      "start": "react-scripts start",
      "build": "react-scripts build",
      "test": "react-scripts test",
      "eject": "react-scripts eject"
    },
    "eslintConfig": {
      "extends": "react-app"
    },
    "browserslist": {
      "production": [
        ">0.2%",
        "not dead",
        "not op_mini all"
      ],
      "development": [
        "last 1 chrome version",
        "last 1 firefox version",
        "last 1 safari version"
      ]
    }
  }

yarn manifest: 
  No manifest

Lockfile: 
  No lockfile
